DiagnosticsPlugin.exe Information: 0 : [2016/11/8 上午 03:09:19] Starting DiagnosticPlugin.exe DiagnosticPlugin-ShutdownEvent DiagnosticPlugin-TotalShutdownEvent -wadVer1v5
DiagnosticsPlugin.exe Error: 0 : [2016/11/8 上午 03:09:20] Failed to save IIS Directory state
DiagnosticsPlugin.exe Error: 0 : [2016/11/8 上午 03:09:20] System.UnauthorizedAccessException: 檔案名稱: redirection.config
錯誤: 無法讀取設定檔案，因為權限不足


   於 Microsoft.Web.Administration.Interop.IAppHostAdminManager.GetAdminSection(String bstrSectionName, String bstrPath)
   於 Microsoft.Web.Administration.Configuration.GetSectionInternal(ConfigurationSection section, String sectionPath, String locationPath)
   於 Microsoft.Web.Administration.ServerManager.SitesSectionCreator()
   於 Microsoft.Web.Administration.Lazy.Initialize[T](T& target, CreateInstanceDelegate`1 valueFactory)
   於 Microsoft.Web.Administration.ServerManager.SitesCollectionCreator()
   於 Microsoft.Web.Administration.Lazy.Initialize[T](T& target, CreateInstanceDelegate`1 valueFactory)
   於 Microsoft.Azure.Plugins.Plugin.DiagnosticsPluginManager.SaveIISDirectoryState()
DiagnosticsPlugin.exe Information: 0 : [2016/11/8 上午 03:09:20] Starting DiagnosticsPlugin
DiagnosticsPlugin.exe Information: 0 : [2016/11/8 上午 03:09:20] Emulator config file set to C:\Users\user\Desktop\myshop\myshop_final\myshop.Azure\csx\Debug\roles\myshop\approot\diagnostics.wadcfgx
DiagnosticsPlugin.exe Information: 0 : [2016/11/8 上午 03:09:20] DiagnosticsStoreRootPath set to: C:\Users\user\AppData\Local\dftmp\Resources\a1e36c73-5901-4663-8b21-5c189afc11f4
DiagnosticsPlugin.exe Information: 0 : [2016/11/8 上午 03:09:20] Loading config file: C:\Users\user\Desktop\myshop\myshop_final\myshop.Azure\csx\Debug\roles\myshop\approot\diagnostics.wadcfgx
DiagnosticsPlugin.exe Information: 0 : [2016/11/8 上午 03:09:20] Config file to read: C:\Users\user\Desktop\myshop\myshop_final\myshop.Azure\csx\Debug\roles\myshop\approot\diagnostics.wadcfgx
DiagnosticsPlugin.exe Information: 0 : [2016/11/8 上午 03:09:20] Checking VM Type
DiagnosticsPlugin.exe Information: 0 : [2016/11/8 上午 03:09:20] Emulator config file set to C:\Users\user\Desktop\myshop\myshop_final\myshop.Azure\csx\Debug\roles\myshop\approot\diagnostics.wadcfgx
DiagnosticsPlugin.exe Information: 0 : [2016/11/8 上午 03:09:20] Extension set to Emulator Mode
DiagnosticsPlugin.exe Information: 0 : [2016/11/8 上午 03:09:20] Reading XML configuration file
DiagnosticsPlugin.exe Information: 0 : [2016/11/8 上午 03:09:20] Bypassing private config decryption
DiagnosticsPlugin.exe Information: 0 : [2016/11/8 上午 03:09:20] WadCfg is provided in initial configuration. Using that to initialize Diagnostics.
DiagnosticsPlugin.exe Information: 0 : [2016/11/8 上午 03:09:20] <PublicConfig xmlns="http://schemas.microsoft.com/ServiceHosting/2010/10/DiagnosticsConfiguration">
  <WadCfg>
    <DiagnosticMonitorConfiguration overallQuotaInMB="4096">
      <DiagnosticInfrastructureLogs scheduledTransferLogLevelFilter="Error" />
      <Logs scheduledTransferPeriod="PT1M" scheduledTransferLogLevelFilter="Error" />
      <Directories scheduledTransferPeriod="PT1M">
        <IISLogs containerName="wad-iis-logfiles" />
        <FailedRequestLogs containerName="wad-failedrequestlogs" />
      </Directories>
      <WindowsEventLog scheduledTransferPeriod="PT1M">
        <DataSource name="Application!*[System[(Level=1 or Level=2 or Level=3)]]" />
        <DataSource name="Windows Azure!*[System[(Level=1 or Level=2 or Level=3 or Level=4)]]" />
      </WindowsEventLog>
      <CrashDumps containerName="wad-crashdumps" dumpType="Mini">
        <CrashDumpConfiguration processName="WaIISHost.exe" />
        <CrashDumpConfiguration processName="WaWorkerHost.exe" />
        <CrashDumpConfiguration processName="w3wp.exe" />
      </CrashDumps>
      <PerformanceCounters scheduledTransferPeriod="PT1M">
        <PerformanceCounterConfiguration counterSpecifier="\Memory\Available MBytes" sampleRate="PT3M" />
        <PerformanceCounterConfiguration counterSpecifier="\Web Service(_Total)\ISAPI Extension Requests/sec" sampleRate="PT3M" />
        <PerformanceCounterConfiguration counterSpecifier="\Web Service(_Total)\Bytes Total/Sec" sampleRate="PT3M" />
        <PerformanceCounterConfiguration counterSpecifier="\ASP.NET Applications(__Total__)\Requests/Sec" sampleRate="PT3M" />
        <PerformanceCounterConfiguration counterSpecifier="\ASP.NET Applications(__Total__)\Errors Total/Sec" sampleRate="PT3M" />
        <PerformanceCounterConfiguration counterSpecifier="\ASP.NET\Requests Queued" sampleRate="PT3M" />
        <PerformanceCounterConfiguration counterSpecifier="\ASP.NET\Requests Rejected" sampleRate="PT3M" />
        <PerformanceCounterConfiguration counterSpecifier="\Processor(_Total)\% Processor Time" sampleRate="PT3M" />
      </PerformanceCounters>
    </DiagnosticMonitorConfiguration>
  </WadCfg>
  <StorageAccount>devstoreaccount1</StorageAccount>
</PublicConfig>
DiagnosticsPlugin.exe Information: 0 : [2016/11/8 上午 03:09:20] Private setting is loaded
DiagnosticsPlugin.exe Information: 0 : [2016/11/8 上午 03:09:20] Is config json/xml loaded
DiagnosticsPlugin.exe Information: 0 : [2016/11/8 上午 03:09:20] Checking if configuration needs to be fetched from the storage account and doing so if needed.
DiagnosticsPlugin.exe Information: 0 : [2016/11/8 上午 03:09:20] Successfully created checkpoint file C:\Users\user\AppData\Local\dftmp\Resources\a1e36c73-5901-4663-8b21-5c189afc11f4\WAD0105\Configuration\Checkpoint.txt
DiagnosticsPlugin.exe Information: 0 : [2016/11/8 上午 03:09:20] Will use local resource directory C:\Users\user\AppData\Local\dftmp\Resources\a1e36c73-5901-4663-8b21-5c189afc11f4\WAD0105
DiagnosticsPlugin.exe Information: 0 : [2016/11/8 上午 03:09:20] Will use endpoint https://core.windows.net for storage.
DiagnosticsPlugin.exe Information: 0 : [2016/11/8 上午 03:09:22] Exception in creating the ServerManager; is IIS installed?
 Error:System.UnauthorizedAccessException: 檔案名稱: redirection.config
錯誤: 無法讀取設定檔案，因為權限不足


   於 Microsoft.Web.Administration.Interop.IAppHostAdminManager.GetAdminSection(String bstrSectionName, String bstrPath)
   於 Microsoft.Web.Administration.Configuration.GetSectionInternal(ConfigurationSection section, String sectionPath, String locationPath)
   於 Microsoft.Web.Administration.ServerManager.SitesSectionCreator()
   於 Microsoft.Web.Administration.Lazy.Initialize[T](T& target, CreateInstanceDelegate`1 valueFactory)
   於 Microsoft.Web.Administration.ServerManager.SitesCollectionCreator()
   於 Microsoft.Web.Administration.Lazy.Initialize[T](T& target, CreateInstanceDelegate`1 valueFactory)
   於 Microsoft.Azure.Plugins.Plugin.WadConfigProcessor.AddDirectories(EventsType mdsEvents, Directories wadDirectories)
DiagnosticsPlugin.exe Information: 0 : [2016/11/8 上午 03:09:22] Running in emulator mode, crash dumps not enabled
DiagnosticsPlugin.exe Information: 0 : [2016/11/8 上午 03:09:22] Checking to see if Application Insights extension needs to be configured.
DiagnosticsPlugin.exe Information: 0 : [2016/11/8 上午 03:09:22] In emulator mode and using devstore updating XStoreAccount info, command line args: -LocalPath "C:\Users\user\AppData\Local\dftmp\Resources\a1e36c73-5901-4663-8b21-5c189afc11f4\WAD0105"  -ConfigFile "C:\Users\user\AppData\Local\dftmp\Resources\a1e36c73-5901-4663-8b21-5c189afc11f4\WAD0105\Configuration\MaConfig.xml" -ShutDownEvent WADDM-ShutDown-8588a08e659f4c41963eed4b4d6cf5af  -TotalShutDownEvent WADDM-TotalShutDown-8588a08e659f4c41963eed4b4d6cf5af -InitializedEvent WADM-StartUp-8588a08e659f4c41963eed4b4d6cf5af -parent 2216 -events -wadVer1v5 -UseProxyServer -XStoreAccounts WadAccount#true#devstoreaccount1#Eby8vdM02xNOcqFlqUwJPLlmEtlCDXJ1OUzFT50uSRZ6IFsuFq2UVErCz4I6tq/K1SZFPTOtr/KBHBeksoGMGw==#http://127.0.0.1:10002#http://127.0.0.1:10001#http://127.0.0.1:10000
DiagnosticsPlugin.exe Error: 0 : [2016/11/8 上午 03:09:52] Microsoft.Cis.Monitoring.Query.QueryException: ErrorFail
   於 Microsoft.Cis.Monitoring.Query.QueryLocalTable..ctor(String TableName, String TablePath)
   於 ApplicationInsightsExtension.MATableReader.ReadTableRecords(String tableName, String tablePath, DateTime startTime, DateTime endTime)
   於 Microsoft.Azure.Plugins.Diagnostics.dll.MAStatusWriter.UpdateStatusReport(Object sender, ElapsedEventArgs e)
DiagnosticsPlugin.exe Information: 0 : [2016/11/8 上午 03:10:22] MonAgentHost.exe started
DiagnosticsPlugin.exe Information: 0 : [2016/11/8 上午 03:10:22] DiagnoticsPlugin started.
DiagnosticsPlugin.exe Information: 0 : [2016/11/8 上午 03:10:22] DiagnoticsPlugin now waiting on events "DiagnosticPlugin-ShutdownEvent", "DiagnosticPlugin-TotalShutdownEvent" or "DiagnosticPlugin-RestartEvent".
DiagnosticsPlugin.exe Error: 0 : [2016/11/8 上午 03:10:22] Microsoft.Cis.Monitoring.Query.QueryException: ErrorFail
   於 Microsoft.Cis.Monitoring.Query.QueryLocalTable..ctor(String TableName, String TablePath)
   於 ApplicationInsightsExtension.MATableReader.ReadTableRecords(String tableName, String tablePath, DateTime startTime, DateTime endTime)
   於 Microsoft.Azure.Plugins.Diagnostics.dll.MAStatusWriter.UpdateStatusReport(Object sender, ElapsedEventArgs e)
DiagnosticsPlugin.exe Error: 0 : [2016/11/8 上午 03:10:52] Microsoft.Cis.Monitoring.Query.QueryException: ErrorFail
   於 Microsoft.Cis.Monitoring.Query.QueryLocalTable..ctor(String TableName, String TablePath)
   於 ApplicationInsightsExtension.MATableReader.ReadTableRecords(String tableName, String tablePath, DateTime startTime, DateTime endTime)
   於 Microsoft.Azure.Plugins.Diagnostics.dll.MAStatusWriter.UpdateStatusReport(Object sender, ElapsedEventArgs e)
DiagnosticsPlugin.exe Information: 0 : [2016/11/8 上午 03:11:20] Failed to update IIS Directory state in directory monitor
檔案名稱: redirection.config
錯誤: 無法讀取設定檔案，因為權限不足


DiagnosticsPlugin.exe Error: 0 : [2016/11/8 上午 03:11:22] Microsoft.Cis.Monitoring.Query.QueryException: ErrorFail
   於 Microsoft.Cis.Monitoring.Query.QueryLocalTable..ctor(String TableName, String TablePath)
   於 ApplicationInsightsExtension.MATableReader.ReadTableRecords(String tableName, String tablePath, DateTime startTime, DateTime endTime)
   於 Microsoft.Azure.Plugins.Diagnostics.dll.MAStatusWriter.UpdateStatusReport(Object sender, ElapsedEventArgs e)
DiagnosticsPlugin.exe Error: 0 : [2016/11/8 上午 03:11:52] Microsoft.Cis.Monitoring.Query.QueryException: ErrorFail
   於 Microsoft.Cis.Monitoring.Query.QueryLocalTable..ctor(String TableName, String TablePath)
   於 ApplicationInsightsExtension.MATableReader.ReadTableRecords(String tableName, String tablePath, DateTime startTime, DateTime endTime)
   於 Microsoft.Azure.Plugins.Diagnostics.dll.MAStatusWriter.UpdateStatusReport(Object sender, ElapsedEventArgs e)
DiagnosticsPlugin.exe Error: 0 : [2016/11/8 上午 03:12:22] Microsoft.Cis.Monitoring.Query.QueryException: ErrorFail
   於 Microsoft.Cis.Monitoring.Query.QueryLocalTable..ctor(String TableName, String TablePath)
   於 ApplicationInsightsExtension.MATableReader.ReadTableRecords(String tableName, String tablePath, DateTime startTime, DateTime endTime)
   於 Microsoft.Azure.Plugins.Diagnostics.dll.MAStatusWriter.UpdateStatusReport(Object sender, ElapsedEventArgs e)
DiagnosticsPlugin.exe Error: 0 : [2016/11/8 上午 03:12:52] Microsoft.Cis.Monitoring.Query.QueryException: ErrorFail
   於 Microsoft.Cis.Monitoring.Query.QueryLocalTable..ctor(String TableName, String TablePath)
   於 ApplicationInsightsExtension.MATableReader.ReadTableRecords(String tableName, String tablePath, DateTime startTime, DateTime endTime)
   於 Microsoft.Azure.Plugins.Diagnostics.dll.MAStatusWriter.UpdateStatusReport(Object sender, ElapsedEventArgs e)
DiagnosticsPlugin.exe Error: 0 : [2016/11/8 上午 03:13:22] Microsoft.Cis.Monitoring.Query.QueryException: ErrorFail
   於 Microsoft.Cis.Monitoring.Query.QueryLocalTable..ctor(String TableName, String TablePath)
   於 ApplicationInsightsExtension.MATableReader.ReadTableRecords(String tableName, String tablePath, DateTime startTime, DateTime endTime)
   於 Microsoft.Azure.Plugins.Diagnostics.dll.MAStatusWriter.UpdateStatusReport(Object sender, ElapsedEventArgs e)
DiagnosticsPlugin.exe Error: 0 : [2016/11/8 上午 03:13:52] Microsoft.Cis.Monitoring.Query.QueryException: ErrorFail
   於 Microsoft.Cis.Monitoring.Query.QueryLocalTable..ctor(String TableName, String TablePath)
   於 ApplicationInsightsExtension.MATableReader.ReadTableRecords(String tableName, String tablePath, DateTime startTime, DateTime endTime)
   於 Microsoft.Azure.Plugins.Diagnostics.dll.MAStatusWriter.UpdateStatusReport(Object sender, ElapsedEventArgs e)
DiagnosticsPlugin.exe Error: 0 : [2016/11/8 上午 03:14:22] Microsoft.Cis.Monitoring.Query.QueryException: ErrorFail
   於 Microsoft.Cis.Monitoring.Query.QueryLocalTable..ctor(String TableName, String TablePath)
   於 ApplicationInsightsExtension.MATableReader.ReadTableRecords(String tableName, String tablePath, DateTime startTime, DateTime endTime)
   於 Microsoft.Azure.Plugins.Diagnostics.dll.MAStatusWriter.UpdateStatusReport(Object sender, ElapsedEventArgs e)
DiagnosticsPlugin.exe Error: 0 : [2016/11/8 上午 03:14:52] Microsoft.Cis.Monitoring.Query.QueryException: ErrorFail
   於 Microsoft.Cis.Monitoring.Query.QueryLocalTable..ctor(String TableName, String TablePath)
   於 ApplicationInsightsExtension.MATableReader.ReadTableRecords(String tableName, String tablePath, DateTime startTime, DateTime endTime)
   於 Microsoft.Azure.Plugins.Diagnostics.dll.MAStatusWriter.UpdateStatusReport(Object sender, ElapsedEventArgs e)
DiagnosticsPlugin.exe Error: 0 : [2016/11/8 上午 03:15:22] Microsoft.Cis.Monitoring.Query.QueryException: ErrorFail
   於 Microsoft.Cis.Monitoring.Query.QueryLocalTable..ctor(String TableName, String TablePath)
   於 ApplicationInsightsExtension.MATableReader.ReadTableRecords(String tableName, String tablePath, DateTime startTime, DateTime endTime)
   於 Microsoft.Azure.Plugins.Diagnostics.dll.MAStatusWriter.UpdateStatusReport(Object sender, ElapsedEventArgs e)
DiagnosticsPlugin.exe Error: 0 : [2016/11/8 上午 03:15:52] Microsoft.Cis.Monitoring.Query.QueryException: ErrorFail
   於 Microsoft.Cis.Monitoring.Query.QueryLocalTable..ctor(String TableName, String TablePath)
   於 ApplicationInsightsExtension.MATableReader.ReadTableRecords(String tableName, String tablePath, DateTime startTime, DateTime endTime)
   於 Microsoft.Azure.Plugins.Diagnostics.dll.MAStatusWriter.UpdateStatusReport(Object sender, ElapsedEventArgs e)
DiagnosticsPlugin.exe Error: 0 : [2016/11/8 上午 03:16:22] Microsoft.Cis.Monitoring.Query.QueryException: ErrorFail
   於 Microsoft.Cis.Monitoring.Query.QueryLocalTable..ctor(String TableName, String TablePath)
   於 ApplicationInsightsExtension.MATableReader.ReadTableRecords(String tableName, String tablePath, DateTime startTime, DateTime endTime)
   於 Microsoft.Azure.Plugins.Diagnostics.dll.MAStatusWriter.UpdateStatusReport(Object sender, ElapsedEventArgs e)
DiagnosticsPlugin.exe Error: 0 : [2016/11/8 上午 03:16:52] Microsoft.Cis.Monitoring.Query.QueryException: ErrorFail
   於 Microsoft.Cis.Monitoring.Query.QueryLocalTable..ctor(String TableName, String TablePath)
   於 ApplicationInsightsExtension.MATableReader.ReadTableRecords(String tableName, String tablePath, DateTime startTime, DateTime endTime)
   於 Microsoft.Azure.Plugins.Diagnostics.dll.MAStatusWriter.UpdateStatusReport(Object sender, ElapsedEventArgs e)
DiagnosticsPlugin.exe Error: 0 : [2016/11/8 上午 03:17:22] Microsoft.Cis.Monitoring.Query.QueryException: ErrorFail
   於 Microsoft.Cis.Monitoring.Query.QueryLocalTable..ctor(String TableName, String TablePath)
   於 ApplicationInsightsExtension.MATableReader.ReadTableRecords(String tableName, String tablePath, DateTime startTime, DateTime endTime)
   於 Microsoft.Azure.Plugins.Diagnostics.dll.MAStatusWriter.UpdateStatusReport(Object sender, ElapsedEventArgs e)
DiagnosticsPlugin.exe Error: 0 : [2016/11/8 上午 03:17:52] Microsoft.Cis.Monitoring.Query.QueryException: ErrorFail
   於 Microsoft.Cis.Monitoring.Query.QueryLocalTable..ctor(String TableName, String TablePath)
   於 ApplicationInsightsExtension.MATableReader.ReadTableRecords(String tableName, String tablePath, DateTime startTime, DateTime endTime)
   於 Microsoft.Azure.Plugins.Diagnostics.dll.MAStatusWriter.UpdateStatusReport(Object sender, ElapsedEventArgs e)
DiagnosticsPlugin.exe Error: 0 : [2016/11/8 上午 03:18:22] Microsoft.Cis.Monitoring.Query.QueryException: ErrorFail
   於 Microsoft.Cis.Monitoring.Query.QueryLocalTable..ctor(String TableName, String TablePath)
   於 ApplicationInsightsExtension.MATableReader.ReadTableRecords(String tableName, String tablePath, DateTime startTime, DateTime endTime)
   於 Microsoft.Azure.Plugins.Diagnostics.dll.MAStatusWriter.UpdateStatusReport(Object sender, ElapsedEventArgs e)
DiagnosticsPlugin.exe Error: 0 : [2016/11/8 上午 03:18:52] Microsoft.Cis.Monitoring.Query.QueryException: ErrorFail
   於 Microsoft.Cis.Monitoring.Query.QueryLocalTable..ctor(String TableName, String TablePath)
   於 ApplicationInsightsExtension.MATableReader.ReadTableRecords(String tableName, String tablePath, DateTime startTime, DateTime endTime)
   於 Microsoft.Azure.Plugins.Diagnostics.dll.MAStatusWriter.UpdateStatusReport(Object sender, ElapsedEventArgs e)
DiagnosticsPlugin.exe Error: 0 : [2016/11/8 上午 03:19:22] Microsoft.Cis.Monitoring.Query.QueryException: ErrorFail
   於 Microsoft.Cis.Monitoring.Query.QueryLocalTable..ctor(String TableName, String TablePath)
   於 ApplicationInsightsExtension.MATableReader.ReadTableRecords(String tableName, String tablePath, DateTime startTime, DateTime endTime)
   於 Microsoft.Azure.Plugins.Diagnostics.dll.MAStatusWriter.UpdateStatusReport(Object sender, ElapsedEventArgs e)
DiagnosticsPlugin.exe Error: 0 : [2016/11/8 上午 03:19:52] Microsoft.Cis.Monitoring.Query.QueryException: ErrorFail
   於 Microsoft.Cis.Monitoring.Query.QueryLocalTable..ctor(String TableName, String TablePath)
   於 ApplicationInsightsExtension.MATableReader.ReadTableRecords(String tableName, String tablePath, DateTime startTime, DateTime endTime)
   於 Microsoft.Azure.Plugins.Diagnostics.dll.MAStatusWriter.UpdateStatusReport(Object sender, ElapsedEventArgs e)
DiagnosticsPlugin.exe Error: 0 : [2016/11/8 上午 03:20:22] Microsoft.Cis.Monitoring.Query.QueryException: ErrorFail
   於 Microsoft.Cis.Monitoring.Query.QueryLocalTable..ctor(String TableName, String TablePath)
   於 ApplicationInsightsExtension.MATableReader.ReadTableRecords(String tableName, String tablePath, DateTime startTime, DateTime endTime)
   於 Microsoft.Azure.Plugins.Diagnostics.dll.MAStatusWriter.UpdateStatusReport(Object sender, ElapsedEventArgs e)
DiagnosticsPlugin.exe Error: 0 : [2016/11/8 上午 03:20:52] Microsoft.Cis.Monitoring.Query.QueryException: ErrorFail
   於 Microsoft.Cis.Monitoring.Query.QueryLocalTable..ctor(String TableName, String TablePath)
   於 ApplicationInsightsExtension.MATableReader.ReadTableRecords(String tableName, String tablePath, DateTime startTime, DateTime endTime)
   於 Microsoft.Azure.Plugins.Diagnostics.dll.MAStatusWriter.UpdateStatusReport(Object sender, ElapsedEventArgs e)
